geckodriver: error: Found argument '--websocket-port' which wasn't expected, or isn't valid in this context

USAGE:
    geckodriver [FLAGS] [OPTIONS]

For more information try --help

geckodriver: error: Found argument '--websocket-port' which wasn't expected, or isn't valid in this context

USAGE:
    geckodriver [FLAGS] [OPTIONS]

For more information try --help

geckodriver: error: Found argument '--websocket-port' which wasn't expected, or isn't valid in this context

USAGE:
    geckodriver [FLAGS] [OPTIONS]

For more information try --help

1669499824451	geckodriver	INFO	Listening on 127.0.0.1:52351
1669499824640	mozrunner::runner	INFO	Running command: "/Applications/Firefox.app/Contents/MacOS/firefox-bin" "--marionette" "--remote-debugging-port" "52352" "--remote-allow-hosts" "localhost" "-foreground" "-no-remote" "-profile" "/var/folders/2y/jk8mxw2j4ds3zq99t_0t3qq80000gn/T/rust_mozprofileWBgcbw"
1669499827224	Marionette	INFO	Marionette enabled
1669499827272	Marionette	INFO	Listening on port 52387
Read port: 52387
WebDriver BiDi listening on ws://127.0.0.1:52352
1669499827625	RemoteAgent	WARN	TLS certificate errors will be ignored for this session
console.warn: SearchSettings: "get: No settings file exists, new profile?" (new NotFoundError("Could not open the file at /var/folders/2y/jk8mxw2j4ds3zq99t_0t3qq80000gn/T/rust_mozprofileWBgcbw/search.json.mozlz4", (void 0)))
DevTools listening on ws://127.0.0.1:52352/devtools/browser/e51418bd-641c-4a1a-badc-e26b9a58baef
JavaScript warning: https://pagead2.googlesyndication.com/bg/rVlqs_C6MEoymNIgrpYBY2eJfhVJuMjEUeWab4z9yRM.js line 2 > eval line 907 > eval line 1 > eval line 1 > eval, line 1: WEBGL_debug_renderer_info is deprecated in Firefox and will be removed. Please use RENDERER.
JavaScript warning: https://pagead2.googlesyndication.com/bg/rVlqs_C6MEoymNIgrpYBY2eJfhVJuMjEUeWab4z9yRM.js line 2 > eval line 2879 > eval line 1 > eval line 1 > eval, line 1: WEBGL_debug_renderer_info is deprecated in Firefox and will be removed. Please use RENDERER.
JavaScript error: , line 0: TypeError: NetworkError when attempting to fetch resource.
JavaScript warning: https://pagead2.googlesyndication.com/bg/rVlqs_C6MEoymNIgrpYBY2eJfhVJuMjEUeWab4z9yRM.js line 2 > eval line 650 > eval line 1 > eval line 1 > eval, line 1: WEBGL_debug_renderer_info is deprecated in Firefox and will be removed. Please use RENDERER.
JavaScript error: , line 0: TypeError: NetworkError when attempting to fetch resource.
JavaScript error: , line 0: TypeError: NetworkError when attempting to fetch resource.
JavaScript warning: https://pagead2.googlesyndication.com/bg/rVlqs_C6MEoymNIgrpYBY2eJfhVJuMjEUeWab4z9yRM.js line 2 > eval line 4634 > eval line 1 > eval line 1 > eval, line 1: WEBGL_debug_renderer_info is deprecated in Firefox and will be removed. Please use RENDERER.
JavaScript error: , line 0: uncaught exception: 7
JavaScript error: , line 0: uncaught exception: 7
JavaScript warning: https://pagead2.googlesyndication.com/bg/rVlqs_C6MEoymNIgrpYBY2eJfhVJuMjEUeWab4z9yRM.js line 2 > eval line 3670 > eval line 1 > eval line 1 > eval, line 1: WEBGL_debug_renderer_info is deprecated in Firefox and will be removed. Please use RENDERER.
JavaScript warning: https://pagead2.googlesyndication.com/bg/rVlqs_C6MEoymNIgrpYBY2eJfhVJuMjEUeWab4z9yRM.js line 2 > eval line 5009 > eval line 1 > eval line 1 > eval, line 1: WEBGL_debug_renderer_info is deprecated in Firefox and will be removed. Please use RENDERER.
JavaScript warning: https://cdnjs.cloudflare.com/ajax/libs/jquery/1.9.1/jquery.min.js, line 2: Using //@ to indicate sourceMappingURL pragmas is deprecated. Use //# instead
JavaScript warning: https://cdnjs.cloudflare.com/ajax/libs/jquery/1.9.1/jquery.min.js, line 2: Using //@ to indicate sourceMappingURL pragmas is deprecated. Use //# instead
JavaScript warning: https://pagead2.googlesyndication.com/bg/rVlqs_C6MEoymNIgrpYBY2eJfhVJuMjEUeWab4z9yRM.js line 2 > eval line 3325 > eval line 1 > eval line 1 > eval, line 1: WEBGL_debug_renderer_info is deprecated in Firefox and will be removed. Please use RENDERER.
JavaScript error: https://ats.rlcdn.com/ats.js, line 1: TypeError: e is undefined
JavaScript warning: https://pagead2.googlesyndication.com/bg/rVlqs_C6MEoymNIgrpYBY2eJfhVJuMjEUeWab4z9yRM.js line 2 > eval line 6859 > eval line 1 > eval line 1 > eval, line 1: WEBGL_debug_renderer_info is deprecated in Firefox and will be removed. Please use RENDERER.
JavaScript warning: https://pagead2.googlesyndication.com/bg/rVlqs_C6MEoymNIgrpYBY2eJfhVJuMjEUeWab4z9yRM.js line 2 > eval line 433 > eval line 1 > eval line 1 > eval, line 1: WEBGL_debug_renderer_info is deprecated in Firefox and will be removed. Please use RENDERER.
JavaScript warning: https://pagead2.googlesyndication.com/bg/rVlqs_C6MEoymNIgrpYBY2eJfhVJuMjEUeWab4z9yRM.js line 2 > eval line 5352 > eval line 1 > eval line 1 > eval, line 1: WEBGL_debug_renderer_info is deprecated in Firefox and will be removed. Please use RENDERER.
JavaScript warning: https://gomarquette.com/sports/womens-basketball/roster/2022-23 line 1 > injectedScript, line 1: WEBGL_debug_renderer_info is deprecated in Firefox and will be removed. Please use RENDERER.
JavaScript warning: https://pagead2.googlesyndication.com/bg/rVlqs_C6MEoymNIgrpYBY2eJfhVJuMjEUeWab4z9yRM.js line 2 > eval line 405 > eval line 1 > eval line 1 > eval, line 1: WEBGL_debug_renderer_info is deprecated in Firefox and will be removed. Please use RENDERER.
JavaScript error: , line 0: TypeError: NetworkError when attempting to fetch resource.
JavaScript error: , line 0: TypeError: NetworkError when attempting to fetch resource.
JavaScript error: , line 0: TypeError: NetworkError when attempting to fetch resource.
1669514605010	Marionette	INFO	Stopped listening on port 52387
1672182746348	geckodriver	INFO	Listening on 127.0.0.1:61618
1672182746739	mozrunner::runner	INFO	Running command: "/Applications/Firefox.app/Contents/MacOS/firefox-bin" "--marionette" "--remote-debugging-port" "61619" "--remote-allow-hosts" "localhost" "-foreground" "-no-remote" "-profile" "/var/folders/2y/jk8mxw2j4ds3zq99t_0t3qq80000gn/T/rust_mozprofileoIiwTC"
1672182753039	Marionette	INFO	Marionette enabled
1672182753115	Marionette	INFO	Listening on port 61628
Read port: 61628
WebDriver BiDi listening on ws://127.0.0.1:61619
1672182753424	RemoteAgent	WARN	TLS certificate errors will be ignored for this session
console.warn: SearchSettings: "get: No settings file exists, new profile?" (new NotFoundError("Could not open the file at /var/folders/2y/jk8mxw2j4ds3zq99t_0t3qq80000gn/T/rust_mozprofileoIiwTC/search.json.mozlz4", (void 0)))
DevTools listening on ws://127.0.0.1:61619/devtools/browser/ccfd455f-9c97-4dd4-9c51-dcf795e4ab44
1672182825718	Marionette	INFO	Stopped listening on port 61628
console.warn: TopSitesFeed: Failed to fetch data from Contile server: NetworkError when attempting to fetch resource.
1688942500180	geckodriver	INFO	Listening on 127.0.0.1:61698
1688942500706	mozrunner::runner	INFO	Running command: "/Applications/Firefox.app/Contents/MacOS/firefox-bin" "--marionette" "--remote-debugging-port" "61699" "--remote-allow-hosts" "localhost" "-foreground" "-no-remote" "-profile" "/var/folders/2y/jk8mxw2j4ds3zq99t_0t3qq80000gn/T/rust_mozprofileQ3tFrq"
console.warn: services.settings: Ignoring preference override of remote settings server
console.warn: services.settings: Allow by setting MOZ_REMOTE_SETTINGS_DEVTOOLS=1 in the environment
1688942502757	Marionette	INFO	Marionette enabled
1688942502951	Marionette	INFO	Listening on port 61704
Read port: 61704
console.error: "Warning: unrecognized command line flag -remote-allow-hosts\n"
WebDriver BiDi listening on ws://127.0.0.1:61699
1688942503141	RemoteAgent	WARN	TLS certificate errors will be ignored for this session
DevTools listening on ws://127.0.0.1:61699/devtools/browser/e1ba2602-f7b7-4a6f-abdd-0b3bb35bbed9
JavaScript error: chrome://browser/content/browser.js, line 4722: TypeError: gBrowser is undefined
1688995930885	Marionette	INFO	Stopped listening on port 61704
JavaScript error: resource://devtools/client/jsonview/Sniffer.sys.mjs, line 53: NS_ERROR_NOT_AVAILABLE: Component returned failure code: 0x80040111 (NS_ERROR_NOT_AVAILABLE) [nsIChannel.contentType]
!!! error running onStopped callback: TypeError: callback is not a function
1690470485303	geckodriver	INFO	Listening on 127.0.0.1:59406
1690470485797	mozrunner::runner	INFO	Running command: "/Applications/Firefox.app/Contents/MacOS/firefox-bin" "--marionette" "--remote-debugging-port" "59407" "--remote-allow-hosts" "localhost" "-foreground" "-no-remote" "-profile" "/var/folders/2y/jk8mxw2j4ds3zq99t_0t3qq80000gn/T/rust_mozprofile3zxebI"
console.warn: services.settings: Ignoring preference override of remote settings server
console.warn: services.settings: Allow by setting MOZ_REMOTE_SETTINGS_DEVTOOLS=1 in the environment
1690470487529	Marionette	INFO	Marionette enabled
1690470487677	Marionette	INFO	Listening on port 59412
Read port: 59412
console.error: "Warning: unrecognized command line flag -remote-allow-hosts\n"
WebDriver BiDi listening on ws://127.0.0.1:59407
1690470487989	RemoteAgent	WARN	TLS certificate errors will be ignored for this session
DevTools listening on ws://127.0.0.1:59407/devtools/browser/cf5766c3-b820-4063-a170-c9164ce6a6d9
1690510170281	Marionette	INFO	Stopped listening on port 59412
